<?xml version="1.0" encoding="UTF-8"?>
<testsuite xmlns:xsi="http://www.w3.org/2001/XMLSchema-instance" xsi:noNamespaceSchemaLocation="https://maven.apache.org/surefire/maven-surefire-plugin/xsd/surefire-test-report-3.0.xsd" version="3.0" name="com.example.tictactoe.fp.FunctionalGameTest$DatabaseIntegrationTests" time="0.004" tests="42" errors="0" skipped="0" failures="0">
  <properties>
    <property name="java.specification.version" value="23"/>
    <property name="sun.jnu.encoding" value="UTF-8"/>
    <property name="java.class.path" value="/Users/bricemansa/IdeaProjects/TicTacToeFP/target/test-classes:/Users/bricemansa/IdeaProjects/TicTacToeFP/target/classes:/Users/bricemansa/.m2/repository/com/oracle/database/jdbc/ojdbc8/23.2.0.0/ojdbc8-23.2.0.0.jar:/Users/bricemansa/.m2/repository/org/junit/jupiter/junit-jupiter/5.10.3/junit-jupiter-5.10.3.jar:/Users/bricemansa/.m2/repository/org/junit/jupiter/junit-jupiter-api/5.10.3/junit-jupiter-api-5.10.3.jar:/Users/bricemansa/.m2/repository/org/opentest4j/opentest4j/1.3.0/opentest4j-1.3.0.jar:/Users/bricemansa/.m2/repository/org/junit/platform/junit-platform-commons/1.10.3/junit-platform-commons-1.10.3.jar:/Users/bricemansa/.m2/repository/org/junit/jupiter/junit-jupiter-engine/5.10.3/junit-jupiter-engine-5.10.3.jar:/Users/bricemansa/.m2/repository/org/junit/platform/junit-platform-engine/1.10.3/junit-platform-engine-1.10.3.jar:/Users/bricemansa/.m2/repository/org/junit/jupiter/junit-jupiter-params/5.10.3/junit-jupiter-params-5.10.3.jar:/Users/bricemansa/.m2/repository/org/apiguardian/apiguardian-api/1.1.2/apiguardian-api-1.1.2.jar:/Users/bricemansa/.m2/repository/org/mockito/mockito-core/5.7.0/mockito-core-5.7.0.jar:/Users/bricemansa/.m2/repository/net/bytebuddy/byte-buddy/1.14.9/byte-buddy-1.14.9.jar:/Users/bricemansa/.m2/repository/net/bytebuddy/byte-buddy-agent/1.14.9/byte-buddy-agent-1.14.9.jar:/Users/bricemansa/.m2/repository/org/objenesis/objenesis/3.3/objenesis-3.3.jar:/Users/bricemansa/.m2/repository/org/mockito/mockito-junit-jupiter/5.7.0/mockito-junit-jupiter-5.7.0.jar:/Users/bricemansa/.m2/repository/org/assertj/assertj-core/3.24.2/assertj-core-3.24.2.jar:/Users/bricemansa/.m2/repository/com/h2database/h2/2.2.224/h2-2.2.224.jar:/Users/bricemansa/.m2/repository/com/oracle/database/jdbc/ojdbc11/21.1.0.0/ojdbc11-21.1.0.0.jar:"/>
    <property name="java.vm.vendor" value="Homebrew"/>
    <property name="sun.arch.data.model" value="64"/>
    <property name="java.vendor.url" value="https://github.com/Homebrew/homebrew-core/issues"/>
    <property name="os.name" value="Mac OS X"/>
    <property name="java.vm.specification.version" value="23"/>
    <property name="sun.java.launcher" value="SUN_STANDARD"/>
    <property name="user.country" value="US"/>
    <property name="sun.boot.library.path" value="/opt/homebrew/Cellar/openjdk/23.0.2/libexec/openjdk.jdk/Contents/Home/lib"/>
    <property name="sun.java.command" value="/Users/bricemansa/IdeaProjects/TicTacToeFP/target/surefire/surefirebooter-20250618004808229_3.jar /Users/bricemansa/IdeaProjects/TicTacToeFP/target/surefire 2025-06-18T00-48-08_143-jvmRun1 surefire-20250618004808229_1tmp surefire_0-20250618004808229_2tmp"/>
    <property name="http.nonProxyHosts" value="local|*.local|169.254/16|*.169.254/16"/>
    <property name="jdk.debug" value="release"/>
    <property name="surefire.test.class.path" value="/Users/bricemansa/IdeaProjects/TicTacToeFP/target/test-classes:/Users/bricemansa/IdeaProjects/TicTacToeFP/target/classes:/Users/bricemansa/.m2/repository/com/oracle/database/jdbc/ojdbc8/23.2.0.0/ojdbc8-23.2.0.0.jar:/Users/bricemansa/.m2/repository/org/junit/jupiter/junit-jupiter/5.10.3/junit-jupiter-5.10.3.jar:/Users/bricemansa/.m2/repository/org/junit/jupiter/junit-jupiter-api/5.10.3/junit-jupiter-api-5.10.3.jar:/Users/bricemansa/.m2/repository/org/opentest4j/opentest4j/1.3.0/opentest4j-1.3.0.jar:/Users/bricemansa/.m2/repository/org/junit/platform/junit-platform-commons/1.10.3/junit-platform-commons-1.10.3.jar:/Users/bricemansa/.m2/repository/org/junit/jupiter/junit-jupiter-engine/5.10.3/junit-jupiter-engine-5.10.3.jar:/Users/bricemansa/.m2/repository/org/junit/platform/junit-platform-engine/1.10.3/junit-platform-engine-1.10.3.jar:/Users/bricemansa/.m2/repository/org/junit/jupiter/junit-jupiter-params/5.10.3/junit-jupiter-params-5.10.3.jar:/Users/bricemansa/.m2/repository/org/apiguardian/apiguardian-api/1.1.2/apiguardian-api-1.1.2.jar:/Users/bricemansa/.m2/repository/org/mockito/mockito-core/5.7.0/mockito-core-5.7.0.jar:/Users/bricemansa/.m2/repository/net/bytebuddy/byte-buddy/1.14.9/byte-buddy-1.14.9.jar:/Users/bricemansa/.m2/repository/net/bytebuddy/byte-buddy-agent/1.14.9/byte-buddy-agent-1.14.9.jar:/Users/bricemansa/.m2/repository/org/objenesis/objenesis/3.3/objenesis-3.3.jar:/Users/bricemansa/.m2/repository/org/mockito/mockito-junit-jupiter/5.7.0/mockito-junit-jupiter-5.7.0.jar:/Users/bricemansa/.m2/repository/org/assertj/assertj-core/3.24.2/assertj-core-3.24.2.jar:/Users/bricemansa/.m2/repository/com/h2database/h2/2.2.224/h2-2.2.224.jar:/Users/bricemansa/.m2/repository/com/oracle/database/jdbc/ojdbc11/21.1.0.0/ojdbc11-21.1.0.0.jar:"/>
    <property name="sun.cpu.endian" value="little"/>
    <property name="user.home" value="/Users/bricemansa"/>
    <property name="user.language" value="en"/>
    <property name="java.specification.vendor" value="Oracle Corporation"/>
    <property name="java.version.date" value="2025-01-21"/>
    <property name="java.home" value="/opt/homebrew/Cellar/openjdk/23.0.2/libexec/openjdk.jdk/Contents/Home"/>
    <property name="file.separator" value="/"/>
    <property name="basedir" value="/Users/bricemansa/IdeaProjects/TicTacToeFP"/>
    <property name="java.vm.compressedOopsMode" value="Zero based"/>
    <property name="line.separator" value="&#10;"/>
    <property name="java.vm.specification.vendor" value="Oracle Corporation"/>
    <property name="java.specification.name" value="Java Platform API Specification"/>
    <property name="apple.awt.application.name" value="ForkedBooter"/>
    <property name="surefire.real.class.path" value="/Users/bricemansa/IdeaProjects/TicTacToeFP/target/surefire/surefirebooter-20250618004808229_3.jar"/>
    <property name="sun.management.compiler" value="HotSpot 64-Bit Tiered Compilers"/>
    <property name="ftp.nonProxyHosts" value="local|*.local|169.254/16|*.169.254/16"/>
    <property name="java.runtime.version" value="23.0.2"/>
    <property name="user.name" value="bricemansa"/>
    <property name="stdout.encoding" value="UTF-8"/>
    <property name="path.separator" value=":"/>
    <property name="os.version" value="15.3.1"/>
    <property name="java.runtime.name" value="OpenJDK Runtime Environment"/>
    <property name="file.encoding" value="UTF-8"/>
    <property name="java.vm.name" value="OpenJDK 64-Bit Server VM"/>
    <property name="java.vendor.version" value="Homebrew"/>
    <property name="localRepository" value="/Users/bricemansa/.m2/repository"/>
    <property name="java.vendor.url.bug" value="https://github.com/Homebrew/homebrew-core/issues"/>
    <property name="java.io.tmpdir" value="/var/folders/rq/szw_r_kd00b0jpp62p4t3v0h0000gn/T/"/>
    <property name="java.version" value="23.0.2"/>
    <property name="user.dir" value="/Users/bricemansa/IdeaProjects/TicTacToeFP"/>
    <property name="os.arch" value="aarch64"/>
    <property name="java.vm.specification.name" value="Java Virtual Machine Specification"/>
    <property name="native.encoding" value="UTF-8"/>
    <property name="java.library.path" value="/Users/bricemansa/Library/Java/Extensions:/Library/Java/Extensions:/Network/Library/Java/Extensions:/System/Library/Java/Extensions:/usr/lib/java:."/>
    <property name="java.vm.info" value="mixed mode, sharing"/>
    <property name="stderr.encoding" value="UTF-8"/>
    <property name="java.vendor" value="Homebrew"/>
    <property name="java.vm.version" value="23.0.2"/>
    <property name="sun.io.unicode.encoding" value="UnicodeBig"/>
    <property name="socksNonProxyHosts" value="local|*.local|169.254/16|*.169.254/16"/>
    <property name="java.class.version" value="67.0"/>
  </properties>
  <testcase name="testCreateEmptyBoard" classname="com.example.tictactoe.fp.FunctionalGameTest" time="0.034"/>
  <testcase name="testBoardImmutability" classname="com.example.tictactoe.fp.FunctionalGameTest" time="0.004"/>
  <testcase name="testBoardFormatting(String, String, String)[1]" classname="com.example.tictactoe.fp.FunctionalGameTest" time="0.023"/>
  <testcase name="testBoardFormatting(String, String, String)[2]" classname="com.example.tictactoe.fp.FunctionalGameTest" time="0.001"/>
  <testcase name="testBoardFormatting(String, String, String)[3]" classname="com.example.tictactoe.fp.FunctionalGameTest" time="0.0"/>
  <testcase name="testMoveValidation(int, int, boolean)[1]" classname="com.example.tictactoe.fp.FunctionalGameTest" time="0.015"/>
  <testcase name="testMoveValidation(int, int, boolean)[2]" classname="com.example.tictactoe.fp.FunctionalGameTest" time="0.001"/>
  <testcase name="testMoveValidation(int, int, boolean)[3]" classname="com.example.tictactoe.fp.FunctionalGameTest" time="0.0"/>
  <testcase name="testMoveValidation(int, int, boolean)[4]" classname="com.example.tictactoe.fp.FunctionalGameTest" time="0.0"/>
  <testcase name="testMoveValidation(int, int, boolean)[5]" classname="com.example.tictactoe.fp.FunctionalGameTest" time="0.0"/>
  <testcase name="testMoveValidation(int, int, boolean)[6]" classname="com.example.tictactoe.fp.FunctionalGameTest" time="0.001"/>
  <testcase name="testMoveValidation(int, int, boolean)[7]" classname="com.example.tictactoe.fp.FunctionalGameTest" time="0.001"/>
  <testcase name="testOccupiedCellMove" classname="com.example.tictactoe.fp.FunctionalGameTest" time="0.002"/>
  <testcase name="testRowWinDetection" classname="com.example.tictactoe.fp.FunctionalGameTest" time="0.006"/>
  <testcase name="testColumnWinDetection" classname="com.example.tictactoe.fp.FunctionalGameTest" time="0.002"/>
  <testcase name="testDiagonalWinDetection" classname="com.example.tictactoe.fp.FunctionalGameTest" time="0.001"/>
  <testcase name="testDrawDetection" classname="com.example.tictactoe.fp.FunctionalGameTest" time="0.0"/>
  <testcase name="testAIStrategies" classname="com.example.tictactoe.fp.FunctionalGameTest" time="0.005"/>
  <testcase name="testMediumAIBlocking" classname="com.example.tictactoe.fp.FunctionalGameTest" time="0.004"/>
  <testcase name="testValidCommandParsing(String)[1]" classname="com.example.tictactoe.fp.FunctionalGameTest" time="0.004"/>
  <testcase name="testValidCommandParsing(String)[2]" classname="com.example.tictactoe.fp.FunctionalGameTest" time="0.0"/>
  <testcase name="testValidCommandParsing(String)[3]" classname="com.example.tictactoe.fp.FunctionalGameTest" time="0.0"/>
  <testcase name="testValidCommandParsing(String)[4]" classname="com.example.tictactoe.fp.FunctionalGameTest" time="0.001"/>
  <testcase name="testInvalidCommandParsing(String)[1]" classname="com.example.tictactoe.fp.FunctionalGameTest" time="0.001"/>
  <testcase name="testInvalidCommandParsing(String)[2]" classname="com.example.tictactoe.fp.FunctionalGameTest" time="0.001"/>
  <testcase name="testInvalidCommandParsing(String)[3]" classname="com.example.tictactoe.fp.FunctionalGameTest" time="0.001"/>
  <testcase name="testInvalidCommandParsing(String)[4]" classname="com.example.tictactoe.fp.FunctionalGameTest" time="0.0"/>
  <testcase name="testInvalidCommandParsing(String)[5]" classname="com.example.tictactoe.fp.FunctionalGameTest" time="0.001"/>
  <testcase name="testInvalidCommandParsing(String)[6]" classname="com.example.tictactoe.fp.FunctionalGameTest" time="0.001"/>
  <testcase name="testUserMoveInputParsing(String, boolean)[1]" classname="com.example.tictactoe.fp.FunctionalGameTest" time="0.003"/>
  <testcase name="testUserMoveInputParsing(String, boolean)[2]" classname="com.example.tictactoe.fp.FunctionalGameTest" time="0.001"/>
  <testcase name="testUserMoveInputParsing(String, boolean)[3]" classname="com.example.tictactoe.fp.FunctionalGameTest" time="0.001"/>
  <testcase name="testUserMoveInputParsing(String, boolean)[4]" classname="com.example.tictactoe.fp.FunctionalGameTest" time="0.001"/>
  <testcase name="testUserMoveInputParsing(String, boolean)[5]" classname="com.example.tictactoe.fp.FunctionalGameTest" time="0.001"/>
  <testcase name="testUserMoveInputParsing(String, boolean)[6]" classname="com.example.tictactoe.fp.FunctionalGameTest" time="0.001"/>
  <testcase name="testUserMoveInputParsing(String, boolean)[7]" classname="com.example.tictactoe.fp.FunctionalGameTest" time="0.001"/>
  <testcase name="testPlayerTypeEnum" classname="com.example.tictactoe.fp.FunctionalGameTest" time="0.001"/>
  <testcase name="testRecordImmutability" classname="com.example.tictactoe.fp.FunctionalGameTest" time="0.0"/>
  <testcase name="testGameIntegration" classname="com.example.tictactoe.fp.FunctionalGameTest" time="0.002"/>
  <testcase name="testPerformance" classname="com.example.tictactoe.fp.FunctionalGameTest" time="0.003"/>
  <testcase name="testEdgeCases" classname="com.example.tictactoe.fp.FunctionalGameTest" time="0.002"/>
  <testcase name="testDatabaseSaveGameState" classname="com.example.tictactoe.fp.FunctionalGameTest$DatabaseIntegrationTests" time="0.001"/>
</testsuite>